# JRE version: OpenJDK Runtime Environment (11.0.10) (build 11.0.10+0-b96-7249189)
# Java VM: OpenJDK 64-Bit Server VM (11.0.10+0-b96-7249189, mixed mode, tiered, compressed oops, g1 gc, windows-amd64)
Heap:
 garbage-first heap   total 189440K, used 126951K [0x00000000a2400000, 0x0000000100000000)
  region size 1024K, 60 young (61440K), 10 survivors (10240K)
 Metaspace       used 98072K, capacity 101030K, committed 101160K, reserved 1136640K
  class space    used 12014K, capacity 13107K, committed 13184K, reserved 1048576K
GC Heap History (20 events):
Event: 8.388 GC heap before
{Heap before GC invocations=15 (full 0):
 garbage-first heap   total 189440K, used 135729K [0x00000000a2400000, 0x0000000100000000)
  region size 1024K, 95 young (97280K), 10 survivors (10240K)
 Metaspace       used 69259K, capacity 71094K, committed 71336K, reserved 1112064K
  class space    used 9011K, capacity 9675K, committed 9728K, reserved 1048576K
}
Event: 8.404 GC heap after
{Heap after GC invocations=16 (full 0):
 garbage-first heap   total 189440K, used 57848K [0x00000000a2400000, 0x0000000100000000)
  region size 1024K, 12 young (12288K), 12 survivors (12288K)
 Metaspace       used 69259K, capacity 71094K, committed 71336K, reserved 1112064K
  class space    used 9011K, capacity 9675K, committed 9728K, reserved 1048576K
}
Event: 9.363 GC heap before
{Heap before GC invocations=16 (full 0):
 garbage-first heap   total 189440K, used 140792K [0x00000000a2400000, 0x0000000100000000)
  region size 1024K, 94 young (96256K), 12 survivors (12288K)
 Metaspace       used 77647K, capacity 79856K, committed 79912K, reserved 1118208K
  class space    used 10228K, capacity 11106K, committed 11136K, reserved 1048576K
}
Event: 9.380 GC heap after
{Heap after GC invocations=17 (full 0):
 garbage-first heap   total 189440K, used 66373K [0x00000000a2400000, 0x0000000100000000)
  region size 1024K, 8 young (8192K), 8 survivors (8192K)
 Metaspace       used 77647K, capacity 79856K, committed 79912K, reserved 1118208K
  class space    used 10228K, capacity 11106K, committed 11136K, reserved 1048576K
}
Event: 57.641 GC heap before
{Heap before GC invocations=17 (full 0):
 garbage-first heap   total 189440K, used 145221K [0x00000000a2400000, 0x0000000100000000)
  region size 1024K, 86 young (88064K), 8 survivors (8192K)
 Metaspace       used 86555K, capacity 88924K, committed 89000K, reserved 1126400K
  class space    used 11042K, capacity 11971K, committed 12032K, reserved 1048576K
}
Event: 57.654 GC heap after
{Heap after GC invocations=18 (full 0):
 garbage-first heap   total 189440K, used 70430K [0x00000000a2400000, 0x0000000100000000)
  region size 1024K, 5 young (5120K), 5 survivors (5120K)
 Metaspace       used 86555K, capacity 88924K, committed 89000K, reserved 1126400K
  class space    used 11042K, capacity 11971K, committed 12032K, reserved 1048576K
}
Event: 163.067 GC heap before
{Heap before GC invocations=18 (full 0):
 garbage-first heap   total 189440K, used 149278K [0x00000000a2400000, 0x0000000100000000)
  region size 1024K, 82 young (83968K), 5 survivors (5120K)
 Metaspace       used 88464K, capacity 90974K, committed 91048K, reserved 1128448K
  class space    used 11078K, capacity 12024K, committed 12032K, reserved 1048576K
}
Event: 163.072 GC heap after
{Heap after GC invocations=19 (full 0):
 garbage-first heap   total 189440K, used 69121K [0x00000000a2400000, 0x0000000100000000)
  region size 1024K, 4 young (4096K), 4 survivors (4096K)
 Metaspace       used 88464K, capacity 90974K, committed 91048K, reserved 1128448K
  class space    used 11078K, capacity 12024K, committed 12032K, reserved 1048576K
}
Event: 174.700 GC heap before
{Heap before GC invocations=19 (full 0):
 garbage-first heap   total 189440K, used 150017K [0x00000000a2400000, 0x0000000100000000)
  region size 1024K, 83 young (84992K), 4 survivors (4096K)
 Metaspace       used 89643K, capacity 92283K, committed 92456K, reserved 1130496K
  class space    used 11126K, capacity 12113K, committed 12160K, reserved 1048576K
}
Event: 174.709 GC heap after
{Heap after GC invocations=20 (full 0):
 garbage-first heap   total 189440K, used 73006K [0x00000000a2400000, 0x0000000100000000)
  region size 1024K, 8 young (8192K), 8 survivors (8192K)
 Metaspace       used 89643K, capacity 92283K, committed 92456K, reserved 1130496K
  class space    used 11126K, capacity 12113K, committed 12160K, reserved 1048576K
}
Event: 670.593 GC heap before
{Heap before GC invocations=20 (full 0):
 garbage-first heap   total 189440K, used 150830K [0x00000000a2400000, 0x0000000100000000)
  region size 1024K, 85 young (87040K), 8 survivors (8192K)
 Metaspace       used 90395K, capacity 93200K, committed 93352K, reserved 1130496K
  class space    used 11170K, capacity 12188K, committed 12288K, reserved 1048576K
}
Event: 670.601 GC heap after
{Heap after GC invocations=21 (full 0):
 garbage-first heap   total 189440K, used 71313K [0x00000000a2400000, 0x0000000100000000)
  region size 1024K, 3 young (3072K), 3 survivors (3072K)
 Metaspace       used 90395K, capacity 93200K, committed 93352K, reserved 1130496K
  class space    used 11170K, capacity 12188K, committed 12288K, reserved 1048576K
}
Event: 2001.913 GC heap before
{Heap before GC invocations=21 (full 0):
 garbage-first heap   total 189440K, used 153233K [0x00000000a2400000, 0x0000000100000000)
  region size 1024K, 83 young (84992K), 3 survivors (3072K)
 Metaspace       used 90594K, capacity 93337K, committed 93608K, reserved 1130496K
  class space    used 11170K, capacity 12188K, committed 12288K, reserved 1048576K
}
Event: 2001.918 GC heap after
{Heap after GC invocations=22 (full 0):
 garbage-first heap   total 189440K, used 69120K [0x00000000a2400000, 0x0000000100000000)
  region size 1024K, 1 young (1024K), 1 survivors (1024K)
 Metaspace       used 90594K, capacity 93337K, committed 93608K, reserved 1130496K
  class space    used 11170K, capacity 12188K, committed 12288K, reserved 1048576K
}
Event: 2061.224 GC heap before
{Heap before GC invocations=22 (full 0):
 garbage-first heap   total 189440K, used 153088K [0x00000000a2400000, 0x0000000100000000)
  region size 1024K, 84 young (86016K), 1 survivors (1024K)
 Metaspace       used 91382K, capacity 94315K, committed 94376K, reserved 1132544K
  class space    used 11225K, capacity 12286K, committed 12288K, reserved 1048576K
}
Event: 2061.233 GC heap after
{Heap after GC invocations=23 (full 0):
 garbage-first heap   total 189440K, used 73888K [0x00000000a2400000, 0x0000000100000000)
  region size 1024K, 6 young (6144K), 6 survivors (6144K)
 Metaspace       used 91382K, capacity 94315K, committed 94376K, reserved 1132544K
  class space    used 11225K, capacity 12286K, committed 12288K, reserved 1048576K
}
Event: 2260.073 GC heap before
{Heap before GC invocations=23 (full 0):
 garbage-first heap   total 189440K, used 153760K [0x00000000a2400000, 0x0000000100000000)
  region size 1024K, 85 young (87040K), 6 survivors (6144K)
 Metaspace       used 92971K, capacity 95996K, committed 96168K, reserved 1132544K
  class space    used 11376K, capacity 12498K, committed 12544K, reserved 1048576K
}
Event: 2260.078 GC heap after
{Heap after GC invocations=24 (full 0):
 garbage-first heap   total 189440K, used 71733K [0x00000000a2400000, 0x0000000100000000)
  region size 1024K, 4 young (4096K), 4 survivors (4096K)
 Metaspace       used 92971K, capacity 95996K, committed 96168K, reserved 1132544K
  class space    used 11376K, capacity 12498K, committed 12544K, reserved 1048576K
}
Event: 2265.327 GC heap before
{Heap before GC invocations=24 (full 0):
 garbage-first heap   total 189440K, used 154677K [0x00000000a2400000, 0x0000000100000000)
  region size 1024K, 86 young (88064K), 4 survivors (4096K)
 Metaspace       used 98032K, capacity 101024K, committed 101160K, reserved 1136640K
  class space    used 12011K, capacity 13105K, committed 13184K, reserved 1048576K
}
Event: 2265.336 GC heap after
{Heap after GC invocations=25 (full 0):
 garbage-first heap   total 189440K, used 77799K [0x00000000a2400000, 0x0000000100000000)
  region size 1024K, 10 young (10240K), 10 survivors (10240K)
 Metaspace       used 98032K, capacity 101024K, committed 101160K, reserved 1136640K
  class space    used 12011K, capacity 13105K, committed 13184K, reserved 1048576K
}

